<?xml version="1.0" encoding="UTF-8"?>
<testng-results ignored="0" total="1" passed="1" failed="0" skipped="0">
  <reporter-output>
  </reporter-output>
  <suite started-at="2022-12-01T13:34:33 IST" name="Default suite" finished-at="2022-12-01T13:34:33 IST" duration-ms="49">
    <groups>
    </groups>
    <test started-at="2022-12-01T13:34:33 IST" name="Default test" finished-at="2022-12-01T13:34:33 IST" duration-ms="49">
      <class name="srcdemo.NewTest">
        <test-method signature="f()[pri:0, instance:srcdemo.NewTest@6ca8564a]" started-at="2022-12-01T13:34:33 IST" name="f" finished-at="2022-12-01T13:34:33 IST" duration-ms="9" status="PASS">
          <reporter-output>
          </reporter-output>
        </test-method> <!-- f -->
      </class> <!-- srcdemo.NewTest -->
    </test> <!-- Default test -->
  </suite> <!-- Default suite -->
</testng-results>
